<?xml version="1.0" encoding="UTF-8"?>
<testsuite xmlns:xsi="http://www.w3.org/2001/XMLSchema-instance" xsi:noNamespaceSchemaLocation="https://maven.apache.org/surefire/maven-surefire-plugin/xsd/surefire-test-report-3.0.xsd" version="3.0" name="TestSuite" time="768.593" tests="7" errors="0" skipped="2" failures="5">
  <properties>
[...]
</properties>
  <testcase name="addUpsiSharer" classname="com.goveva.qa.upsiTestCases.TC_Upsi_SharerTest" time="9.314">
    <failure message="element click intercepted: Element &lt;button class=&quot;btn btn-sm btn-primary mb-2&quot; type=&quot;button&quot;&gt;...&lt;/button&gt; is not clickable at point (795, 103). Other element would receive the click: &lt;div _ngcontent-c1=&quot;&quot; class=&quot;cat__top-bar__right&quot;&gt;...&lt;/div&gt;&#10;  (Session info: chrome=90.0.4430.93)&#10;Build info: version: &apos;3.14.0&apos;, revision: &apos;aacccce0&apos;, time: &apos;2018-08-02T20:19:58.91Z&apos;&#10;System info: host: &apos;HARRIERLAPTOP-6&apos;, ip: &apos;192.168.88.233&apos;, os.name: &apos;Windows 10&apos;, os.arch: &apos;amd64&apos;, os.version: &apos;10.0&apos;, java.version: &apos;1.8.0_291&apos;&#10;Driver info: org.openqa.selenium.chrome.ChromeDriver&#10;Capabilities {acceptInsecureCerts: false, browserName: chrome, browserVersion: 90.0.4430.93, chrome: {chromedriverVersion: 90.0.4430.24 (4c6d850f087da..., userDataDir: C:\WINDOWS\TEMP\scoped_dir2...}, goog:chromeOptions: {debuggerAddress: localhost:60471}, javascriptEnabled: true, networkConnectionEnabled: false, pageLoadStrategy: normal, platform: WINDOWS, platformName: WINDOWS, proxy: Proxy(), setWindowRect: true, strictFileInteractability: false, timeouts: {implicit: 0, pageLoad: 300000, script: 30000}, unhandledPromptBehavior: dismiss and notify, webauthn:extension:largeBlob: true, webauthn:virtualAuthenticators: true}&#10;Session ID: a198f1df1c941ceacd4dc65c772cc6ff" type="org.openqa.selenium.ElementClickInterceptedException"><![CDATA[org.openqa.selenium.ElementClickInterceptedException: 
element click intercepted: Element <button class="btn btn-sm btn-primary mb-2" type="button">...</button> is not clickable at point (795, 103). Other element would receive the click: <div _ngcontent-c1="" class="cat__top-bar__right">...</div>
  (Session info: chrome=90.0.4430.93)
Build info: version: '3.14.0', revision: 'aacccce0', time: '2018-08-02T20:19:58.91Z'
System info: host: 'HARRIERLAPTOP-6', ip: '192.168.88.233', os.name: 'Windows 10', os.arch: 'amd64', os.version: '10.0', java.version: '1.8.0_291'
Driver info: org.openqa.selenium.chrome.ChromeDriver
Capabilities {acceptInsecureCerts: false, browserName: chrome, browserVersion: 90.0.4430.93, chrome: {chromedriverVersion: 90.0.4430.24 (4c6d850f087da..., userDataDir: C:\WINDOWS\TEMP\scoped_dir2...}, goog:chromeOptions: {debuggerAddress: localhost:60471}, javascriptEnabled: true, networkConnectionEnabled: false, pageLoadStrategy: normal, platform: WINDOWS, platformName: WINDOWS, proxy: Proxy(), setWindowRect: true, strictFileInteractability: false, timeouts: {implicit: 0, pageLoad: 300000, script: 30000}, unhandledPromptBehavior: dismiss and notify, webauthn:extension:largeBlob: true, webauthn:virtualAuthenticators: true}
Session ID: a198f1df1c941ceacd4dc65c772cc6ff
	at com.goveva.qa.upsiTestCases.TC_Upsi_SharerTest.addUpsiSharer(TC_Upsi_SharerTest.java:51)
]]></failure>
    <system-out><![CDATA[Test-Report-2021.05.03.23.20.32.html
 INFO [main] (BaseTest.java:92)- Login Successfull
 INFO [main] (TC_Upsi_SharerTest.java:28)- Login Successfull and click on UPSI Menu
 INFO [main] (TC_Upsi_SharerTest.java:30)- Click on UPSI Sharer sub Menu
]]></system-out>
    <system-err><![CDATA[Starting ChromeDriver 90.0.4430.24 (4c6d850f087da467d926e8eddb76550aed655991-refs/branch-heads/4430@{#429}) on port 11413
Only local connections are allowed.
Please see https://chromedriver.chromium.org/security-considerations for suggestions on keeping ChromeDriver safe.
ChromeDriver was started successfully.
May 03, 2021 11:20:40 PM org.openqa.selenium.remote.ProtocolHandshake createSession
INFO: Detected dialect: W3C
]]></system-err>
  </testcase>
  <testcase name="updateDetailsUpsiSharer" classname="com.goveva.qa.upsiTestCases.TC_Upsi_SharerTest" time="31.751">
    <failure message="no such element: Unable to locate element: {&quot;method&quot;:&quot;xpath&quot;,&quot;selector&quot;:&quot;//button[@title=&apos;Edit&apos; and @type=&apos;button&apos; and @class = &apos;btn-sm btn btn-warning&apos;]&quot;}&#10;  (Session info: chrome=90.0.4430.93)&#10;For documentation on this error, please visit: http://seleniumhq.org/exceptions/no_such_element.html&#10;Build info: version: &apos;3.14.0&apos;, revision: &apos;aacccce0&apos;, time: &apos;2018-08-02T20:19:58.91Z&apos;&#10;System info: host: &apos;HARRIERLAPTOP-6&apos;, ip: &apos;192.168.88.233&apos;, os.name: &apos;Windows 10&apos;, os.arch: &apos;amd64&apos;, os.version: &apos;10.0&apos;, java.version: &apos;1.8.0_291&apos;&#10;Driver info: org.openqa.selenium.chrome.ChromeDriver&#10;Capabilities {acceptInsecureCerts: false, browserName: chrome, browserVersion: 90.0.4430.93, chrome: {chromedriverVersion: 90.0.4430.24 (4c6d850f087da..., userDataDir: C:\WINDOWS\TEMP\scoped_dir3...}, goog:chromeOptions: {debuggerAddress: localhost:60544}, javascriptEnabled: true, networkConnectionEnabled: false, pageLoadStrategy: normal, platform: WINDOWS, platformName: WINDOWS, proxy: Proxy(), setWindowRect: true, strictFileInteractability: false, timeouts: {implicit: 0, pageLoad: 300000, script: 30000}, unhandledPromptBehavior: dismiss and notify, webauthn:extension:largeBlob: true, webauthn:virtualAuthenticators: true}&#10;Session ID: d85b0badf6190441cb0510b3dc8e01e5&#10;*** Element info: {Using=xpath, value=//button[@title=&apos;Edit&apos; and @type=&apos;button&apos; and @class = &apos;btn-sm btn btn-warning&apos;]}" type="org.openqa.selenium.NoSuchElementException"><![CDATA[org.openqa.selenium.NoSuchElementException: 
no such element: Unable to locate element: {"method":"xpath","selector":"//button[@title='Edit' and @type='button' and @class = 'btn-sm btn btn-warning']"}
  (Session info: chrome=90.0.4430.93)
For documentation on this error, please visit: http://seleniumhq.org/exceptions/no_such_element.html
Build info: version: '3.14.0', revision: 'aacccce0', time: '2018-08-02T20:19:58.91Z'
System info: host: 'HARRIERLAPTOP-6', ip: '192.168.88.233', os.name: 'Windows 10', os.arch: 'amd64', os.version: '10.0', java.version: '1.8.0_291'
Driver info: org.openqa.selenium.chrome.ChromeDriver
Capabilities {acceptInsecureCerts: false, browserName: chrome, browserVersion: 90.0.4430.93, chrome: {chromedriverVersion: 90.0.4430.24 (4c6d850f087da..., userDataDir: C:\WINDOWS\TEMP\scoped_dir3...}, goog:chromeOptions: {debuggerAddress: localhost:60544}, javascriptEnabled: true, networkConnectionEnabled: false, pageLoadStrategy: normal, platform: WINDOWS, platformName: WINDOWS, proxy: Proxy(), setWindowRect: true, strictFileInteractability: false, timeouts: {implicit: 0, pageLoad: 300000, script: 30000}, unhandledPromptBehavior: dismiss and notify, webauthn:extension:largeBlob: true, webauthn:virtualAuthenticators: true}
Session ID: d85b0badf6190441cb0510b3dc8e01e5
*** Element info: {Using=xpath, value=//button[@title='Edit' and @type='button' and @class = 'btn-sm btn btn-warning']}
	at com.goveva.qa.upsiTestCases.TC_Upsi_SharerTest.updateDetailsUpsiSharer(TC_Upsi_SharerTest.java:150)
]]></failure>
    <system-out><![CDATA[ INFO [main] (BaseTest.java:112)- Logout Successfull
 INFO [main] (BaseTest.java:92)- Login Successfull
 INFO [main] (TC_Upsi_SharerTest.java:140)- Login Successfull and click on UPSI Menu
 INFO [main] (TC_Upsi_SharerTest.java:142)- Click on UPSI Sharer sub Menu
 INFO [main] (TC_Upsi_SharerTest.java:146)- Search...
]]></system-out>
    <system-err><![CDATA[Starting ChromeDriver 90.0.4430.24 (4c6d850f087da467d926e8eddb76550aed655991-refs/branch-heads/4430@{#429}) on port 32739
Only local connections are allowed.
Please see https://chromedriver.chromium.org/security-considerations for suggestions on keeping ChromeDriver safe.
ChromeDriver was started successfully.
May 03, 2021 11:21:03 PM org.openqa.selenium.remote.ProtocolHandshake createSession
INFO: Detected dialect: W3C
]]></system-err>
  </testcase>
  <testcase name="clickOnDownloadFile" classname="com.goveva.qa.upsiTestCases.TC_Upsi_SharerTest" time="28.969">
    <failure message="element not interactable&#10;  (Session info: chrome=90.0.4430.93)&#10;Build info: version: &apos;3.14.0&apos;, revision: &apos;aacccce0&apos;, time: &apos;2018-08-02T20:19:58.91Z&apos;&#10;System info: host: &apos;HARRIERLAPTOP-6&apos;, ip: &apos;192.168.88.233&apos;, os.name: &apos;Windows 10&apos;, os.arch: &apos;amd64&apos;, os.version: &apos;10.0&apos;, java.version: &apos;1.8.0_291&apos;&#10;Driver info: org.openqa.selenium.chrome.ChromeDriver&#10;Capabilities {acceptInsecureCerts: false, browserName: chrome, browserVersion: 90.0.4430.93, chrome: {chromedriverVersion: 90.0.4430.24 (4c6d850f087da..., userDataDir: C:\WINDOWS\TEMP\scoped_dir4...}, goog:chromeOptions: {debuggerAddress: localhost:60643}, javascriptEnabled: true, networkConnectionEnabled: false, pageLoadStrategy: normal, platform: WINDOWS, platformName: WINDOWS, proxy: Proxy(), setWindowRect: true, strictFileInteractability: false, timeouts: {implicit: 0, pageLoad: 300000, script: 30000}, unhandledPromptBehavior: dismiss and notify, webauthn:extension:largeBlob: true, webauthn:virtualAuthenticators: true}&#10;Session ID: b92c12712498f40a7fb43766f56c12b5" type="org.openqa.selenium.ElementNotInteractableException"><![CDATA[org.openqa.selenium.ElementNotInteractableException: 
element not interactable
  (Session info: chrome=90.0.4430.93)
Build info: version: '3.14.0', revision: 'aacccce0', time: '2018-08-02T20:19:58.91Z'
System info: host: 'HARRIERLAPTOP-6', ip: '192.168.88.233', os.name: 'Windows 10', os.arch: 'amd64', os.version: '10.0', java.version: '1.8.0_291'
Driver info: org.openqa.selenium.chrome.ChromeDriver
Capabilities {acceptInsecureCerts: false, browserName: chrome, browserVersion: 90.0.4430.93, chrome: {chromedriverVersion: 90.0.4430.24 (4c6d850f087da..., userDataDir: C:\WINDOWS\TEMP\scoped_dir4...}, goog:chromeOptions: {debuggerAddress: localhost:60643}, javascriptEnabled: true, networkConnectionEnabled: false, pageLoadStrategy: normal, platform: WINDOWS, platformName: WINDOWS, proxy: Proxy(), setWindowRect: true, strictFileInteractability: false, timeouts: {implicit: 0, pageLoad: 300000, script: 30000}, unhandledPromptBehavior: dismiss and notify, webauthn:extension:largeBlob: true, webauthn:virtualAuthenticators: true}
Session ID: b92c12712498f40a7fb43766f56c12b5
	at com.goveva.qa.upsiTestCases.TC_Upsi_SharerTest.clickOnDownloadFile(TC_Upsi_SharerTest.java:232)
]]></failure>
    <system-out><![CDATA[ INFO [main] (BaseTest.java:112)- Logout Successfull
 INFO [main] (BaseTest.java:92)- Login Successfull
 INFO [main] (TC_Upsi_SharerTest.java:221)- Login Successfull and click on UPSI Menu
 INFO [main] (TC_Upsi_SharerTest.java:224)- Click on UPSI Sharer sub Menu
 INFO [main] (TC_Upsi_SharerTest.java:229)- Search...
]]></system-out>
    <system-err><![CDATA[Starting ChromeDriver 90.0.4430.24 (4c6d850f087da467d926e8eddb76550aed655991-refs/branch-heads/4430@{#429}) on port 34269
Only local connections are allowed.
Please see https://chromedriver.chromium.org/security-considerations for suggestions on keeping ChromeDriver safe.
ChromeDriver was started successfully.
May 03, 2021 11:21:53 PM org.openqa.selenium.remote.ProtocolHandshake createSession
INFO: Detected dialect: W3C
]]></system-err>
  </testcase>
  <testcase name="checkSharerHistory" classname="com.goveva.qa.upsiTestCases.TC_Upsi_SharerTest" time="29.729">
    <failure message="no such element: Unable to locate element: {&quot;method&quot;:&quot;xpath&quot;,&quot;selector&quot;:&quot;//button[@title=&apos;History&apos;]&quot;}&#10;  (Session info: chrome=90.0.4430.93)&#10;For documentation on this error, please visit: http://seleniumhq.org/exceptions/no_such_element.html&#10;Build info: version: &apos;3.14.0&apos;, revision: &apos;aacccce0&apos;, time: &apos;2018-08-02T20:19:58.91Z&apos;&#10;System info: host: &apos;HARRIERLAPTOP-6&apos;, ip: &apos;192.168.88.233&apos;, os.name: &apos;Windows 10&apos;, os.arch: &apos;amd64&apos;, os.version: &apos;10.0&apos;, java.version: &apos;1.8.0_291&apos;&#10;Driver info: org.openqa.selenium.chrome.ChromeDriver&#10;Capabilities {acceptInsecureCerts: false, browserName: chrome, browserVersion: 90.0.4430.93, chrome: {chromedriverVersion: 90.0.4430.24 (4c6d850f087da..., userDataDir: C:\WINDOWS\TEMP\scoped_dir4...}, goog:chromeOptions: {debuggerAddress: localhost:60742}, javascriptEnabled: true, networkConnectionEnabled: false, pageLoadStrategy: normal, platform: WINDOWS, platformName: WINDOWS, proxy: Proxy(), setWindowRect: true, strictFileInteractability: false, timeouts: {implicit: 0, pageLoad: 300000, script: 30000}, unhandledPromptBehavior: dismiss and notify, webauthn:extension:largeBlob: true, webauthn:virtualAuthenticators: true}&#10;Session ID: 88cc274d70c6f15522863dfa6d177ad6&#10;*** Element info: {Using=xpath, value=//button[@title=&apos;History&apos;]}" type="org.openqa.selenium.NoSuchElementException"><![CDATA[org.openqa.selenium.NoSuchElementException: 
no such element: Unable to locate element: {"method":"xpath","selector":"//button[@title='History']"}
  (Session info: chrome=90.0.4430.93)
For documentation on this error, please visit: http://seleniumhq.org/exceptions/no_such_element.html
Build info: version: '3.14.0', revision: 'aacccce0', time: '2018-08-02T20:19:58.91Z'
System info: host: 'HARRIERLAPTOP-6', ip: '192.168.88.233', os.name: 'Windows 10', os.arch: 'amd64', os.version: '10.0', java.version: '1.8.0_291'
Driver info: org.openqa.selenium.chrome.ChromeDriver
Capabilities {acceptInsecureCerts: false, browserName: chrome, browserVersion: 90.0.4430.93, chrome: {chromedriverVersion: 90.0.4430.24 (4c6d850f087da..., userDataDir: C:\WINDOWS\TEMP\scoped_dir4...}, goog:chromeOptions: {debuggerAddress: localhost:60742}, javascriptEnabled: true, networkConnectionEnabled: false, pageLoadStrategy: normal, platform: WINDOWS, platformName: WINDOWS, proxy: Proxy(), setWindowRect: true, strictFileInteractability: false, timeouts: {implicit: 0, pageLoad: 300000, script: 30000}, unhandledPromptBehavior: dismiss and notify, webauthn:extension:largeBlob: true, webauthn:virtualAuthenticators: true}
Session ID: 88cc274d70c6f15522863dfa6d177ad6
*** Element info: {Using=xpath, value=//button[@title='History']}
	at com.goveva.qa.upsiTestCases.TC_Upsi_SharerTest.checkSharerHistory(TC_Upsi_SharerTest.java:272)
]]></failure>
    <system-out><![CDATA[ INFO [main] (BaseTest.java:112)- Logout Successfull
 INFO [main] (BaseTest.java:92)- Login Successfull
 INFO [main] (TC_Upsi_SharerTest.java:260)- Login Successfull and click on UPSI Menu
 INFO [main] (TC_Upsi_SharerTest.java:263)- Click on UPSI Sharer sub Menu
 INFO [main] (TC_Upsi_SharerTest.java:269)- Search...
]]></system-out>
    <system-err><![CDATA[Starting ChromeDriver 90.0.4430.24 (4c6d850f087da467d926e8eddb76550aed655991-refs/branch-heads/4430@{#429}) on port 40034
Only local connections are allowed.
Please see https://chromedriver.chromium.org/security-considerations for suggestions on keeping ChromeDriver safe.
ChromeDriver was started successfully.
May 03, 2021 11:22:37 PM org.openqa.selenium.remote.ProtocolHandshake createSession
INFO: Detected dialect: W3C
]]></system-err>
  </testcase>
  <testcase name="setUp[chrome](0)" classname="com.goveva.qa.upsiTestCases.TC_Upsi_SharerTest" time="631.677">
    <failure message="session not created&#10;from timeout: Timed out receiving message from renderer: 600.000&#10;  (Session info: chrome=90.0.4430.93)&#10;Build info: version: &apos;3.14.0&apos;, revision: &apos;aacccce0&apos;, time: &apos;2018-08-02T20:19:58.91Z&apos;&#10;System info: host: &apos;HARRIERLAPTOP-6&apos;, ip: &apos;192.168.88.233&apos;, os.name: &apos;Windows 10&apos;, os.arch: &apos;amd64&apos;, os.version: &apos;10.0&apos;, java.version: &apos;1.8.0_291&apos;&#10;Driver info: driver.version: ChromeDriver&#10;remote stacktrace: Backtrace:&#10;	Ordinal0 [0x0054C013+2474003]&#10;	Ordinal0 [0x004E29C1+2042305]&#10;	Ordinal0 [0x003F2F68+1060712]&#10;	Ordinal0 [0x003E5652+1005138]&#10;	Ordinal0 [0x003E4258+1000024]&#10;	Ordinal0 [0x003E3DA5+998821]&#10;	Ordinal0 [0x003EA9C5+1026501]&#10;	Ordinal0 [0x003E3D31+998705]&#10;	Ordinal0 [0x003E4FAF+1003439]&#10;	Ordinal0 [0x003E4258+1000024]&#10;	Ordinal0 [0x003E3DA5+998821]&#10;	Ordinal0 [0x003E9DBC+1023420]&#10;	Ordinal0 [0x003E3D31+998705]&#10;	Ordinal0 [0x003E4FAF+1003439]&#10;	Ordinal0 [0x003E4258+1000024]&#10;	Ordinal0 [0x003E3DA5+998821]&#10;	Ordinal0 [0x003DFA5D+981597]&#10;	Ordinal0 [0x003E3D31+998705]&#10;	Ordinal0 [0x003E3A85+998021]&#10;	Ordinal0 [0x003E3829+997417]&#10;	Ordinal0 [0x003F4090+1065104]&#10;	Ordinal0 [0x0043B798+1357720]&#10;	Ordinal0 [0x00438FAA+1347498]&#10;	Ordinal0 [0x004366DB+1337051]&#10;	Ordinal0 [0x00413427+1192999]&#10;	Ordinal0 [0x004142EE+1196782]&#10;	Ordinal0 [0x00414279+1196665]&#10;	GetHandleVerifier [0x006D96FC+1590332]&#10;	GetHandleVerifier [0x00788614+2306900]&#10;	GetHandleVerifier [0x005D9E93+543699]&#10;	GetHandleVerifier [0x005D92CE+540686]&#10;	Ordinal0 [0x004E86BA+2066106]&#10;	Ordinal0 [0x004ED1C8+2085320]&#10;	Ordinal0 [0x004ED308+2085640]&#10;	Ordinal0 [0x004F67F3+2123763]&#10;	BaseThreadInitThunk [0x74DEFA29+25]&#10;	RtlGetAppContainerNamedObjectPath [0x76F87A4E+286]&#10;	RtlGetAppContainerNamedObjectPath [0x76F87A1E+238]&#10;" type="org.openqa.selenium.SessionNotCreatedException"><![CDATA[org.openqa.selenium.SessionNotCreatedException: 
session not created
from timeout: Timed out receiving message from renderer: 600.000
  (Session info: chrome=90.0.4430.93)
Build info: version: '3.14.0', revision: 'aacccce0', time: '2018-08-02T20:19:58.91Z'
System info: host: 'HARRIERLAPTOP-6', ip: '192.168.88.233', os.name: 'Windows 10', os.arch: 'amd64', os.version: '10.0', java.version: '1.8.0_291'
Driver info: driver.version: ChromeDriver
remote stacktrace: Backtrace:
	Ordinal0 [0x0054C013+2474003]
	Ordinal0 [0x004E29C1+2042305]
	Ordinal0 [0x003F2F68+1060712]
	Ordinal0 [0x003E5652+1005138]
	Ordinal0 [0x003E4258+1000024]
	Ordinal0 [0x003E3DA5+998821]
	Ordinal0 [0x003EA9C5+1026501]
	Ordinal0 [0x003E3D31+998705]
	Ordinal0 [0x003E4FAF+1003439]
	Ordinal0 [0x003E4258+1000024]
	Ordinal0 [0x003E3DA5+998821]
	Ordinal0 [0x003E9DBC+1023420]
	Ordinal0 [0x003E3D31+998705]
	Ordinal0 [0x003E4FAF+1003439]
	Ordinal0 [0x003E4258+1000024]
	Ordinal0 [0x003E3DA5+998821]
	Ordinal0 [0x003DFA5D+981597]
	Ordinal0 [0x003E3D31+998705]
	Ordinal0 [0x003E3A85+998021]
	Ordinal0 [0x003E3829+997417]
	Ordinal0 [0x003F4090+1065104]
	Ordinal0 [0x0043B798+1357720]
	Ordinal0 [0x00438FAA+1347498]
	Ordinal0 [0x004366DB+1337051]
	Ordinal0 [0x00413427+1192999]
	Ordinal0 [0x004142EE+1196782]
	Ordinal0 [0x00414279+1196665]
	GetHandleVerifier [0x006D96FC+1590332]
	GetHandleVerifier [0x00788614+2306900]
	GetHandleVerifier [0x005D9E93+543699]
	GetHandleVerifier [0x005D92CE+540686]
	Ordinal0 [0x004E86BA+2066106]
	Ordinal0 [0x004ED1C8+2085320]
	Ordinal0 [0x004ED308+2085640]
	Ordinal0 [0x004F67F3+2123763]
	BaseThreadInitThunk [0x74DEFA29+25]
	RtlGetAppContainerNamedObjectPath [0x76F87A4E+286]
	RtlGetAppContainerNamedObjectPath [0x76F87A1E+238]

]]></failure>
    <system-out><![CDATA[ INFO [main] (BaseTest.java:112)- Logout Successfull
]]></system-out>
    <system-err><![CDATA[Starting ChromeDriver 90.0.4430.24 (4c6d850f087da467d926e8eddb76550aed655991-refs/branch-heads/4430@{#429}) on port 41794
Only local connections are allowed.
Please see https://chromedriver.chromium.org/security-considerations for suggestions on keeping ChromeDriver safe.
ChromeDriver was started successfully.
[1620064999.469][SEVERE]: Timed out receiving message from renderer: 600.000
]]></system-err>
  </testcase>
  <testcase name="deleteSharerDetails" classname="com.goveva.qa.upsiTestCases.TC_Upsi_SharerTest" time="0">
    <skipped message="session not created&#10;from timeout: Timed out receiving message from renderer: 600.000&#10;  (Session info: chrome=90.0.4430.93)&#10;Build info: version: &apos;3.14.0&apos;, revision: &apos;aacccce0&apos;, time: &apos;2018-08-02T20:19:58.91Z&apos;&#10;System info: host: &apos;HARRIERLAPTOP-6&apos;, ip: &apos;192.168.88.233&apos;, os.name: &apos;Windows 10&apos;, os.arch: &apos;amd64&apos;, os.version: &apos;10.0&apos;, java.version: &apos;1.8.0_291&apos;&#10;Driver info: driver.version: ChromeDriver&#10;remote stacktrace: Backtrace:&#10;	Ordinal0 [0x0054C013+2474003]&#10;	Ordinal0 [0x004E29C1+2042305]&#10;	Ordinal0 [0x003F2F68+1060712]&#10;	Ordinal0 [0x003E5652+1005138]&#10;	Ordinal0 [0x003E4258+1000024]&#10;	Ordinal0 [0x003E3DA5+998821]&#10;	Ordinal0 [0x003EA9C5+1026501]&#10;	Ordinal0 [0x003E3D31+998705]&#10;	Ordinal0 [0x003E4FAF+1003439]&#10;	Ordinal0 [0x003E4258+1000024]&#10;	Ordinal0 [0x003E3DA5+998821]&#10;	Ordinal0 [0x003E9DBC+1023420]&#10;	Ordinal0 [0x003E3D31+998705]&#10;	Ordinal0 [0x003E4FAF+1003439]&#10;	Ordinal0 [0x003E4258+1000024]&#10;	Ordinal0 [0x003E3DA5+998821]&#10;	Ordinal0 [0x003DFA5D+981597]&#10;	Ordinal0 [0x003E3D31+998705]&#10;	Ordinal0 [0x003E3A85+998021]&#10;	Ordinal0 [0x003E3829+997417]&#10;	Ordinal0 [0x003F4090+1065104]&#10;	Ordinal0 [0x0043B798+1357720]&#10;	Ordinal0 [0x00438FAA+1347498]&#10;	Ordinal0 [0x004366DB+1337051]&#10;	Ordinal0 [0x00413427+1192999]&#10;	Ordinal0 [0x004142EE+1196782]&#10;	Ordinal0 [0x00414279+1196665]&#10;	GetHandleVerifier [0x006D96FC+1590332]&#10;	GetHandleVerifier [0x00788614+2306900]&#10;	GetHandleVerifier [0x005D9E93+543699]&#10;	GetHandleVerifier [0x005D92CE+540686]&#10;	Ordinal0 [0x004E86BA+2066106]&#10;	Ordinal0 [0x004ED1C8+2085320]&#10;	Ordinal0 [0x004ED308+2085640]&#10;	Ordinal0 [0x004F67F3+2123763]&#10;	BaseThreadInitThunk [0x74DEFA29+25]&#10;	RtlGetAppContainerNamedObjectPath [0x76F87A4E+286]&#10;	RtlGetAppContainerNamedObjectPath [0x76F87A1E+238]&#10;"/>
  </testcase>
  <testcase name="tearDown" classname="com.goveva.qa.upsiTestCases.TC_Upsi_SharerTest" time="0">
    <skipped/>
  </testcase>
</testsuite>